# JRE version: OpenJDK Runtime Environment (17.0.7) (build 17.0.7+0-17.0.7b1000.6-10550314)
# Java VM: OpenJDK 64-Bit Server VM (17.0.7+0-17.0.7b1000.6-10550314, mixed mode, tiered, compressed oops, compressed class ptrs, g1 gc, bsd-amd64)
GC Precious Log:
 CPUs: 8 total, 8 available
 Memory: 16384M
 Large Page Support: Disabled
 NUMA Support: Disabled
 Compressed Oops: Enabled (Zero based)
 Heap Region Size: 1M
 Heap Min Capacity: 8M
 Heap Initial Capacity: 256M
 Heap Max Capacity: 2G
 Pre-touch: Disabled
 Parallel Workers: 8
 Concurrent Workers: 2
 Concurrent Refinement Workers: 8
 Periodic GC: Disabled
Heap:
 garbage-first heap   total 311296K, used 279819K [0x0000000780000000, 0x0000000800000000)
  region size 1024K, 89 young (91136K), 8 survivors (8192K)
 Metaspace       used 106382K, committed 107392K, reserved 1179648K
  class space    used 15274K, committed 15808K, reserved 1048576K
GC Heap History (20 events):
Event: 6.488 GC heap after
{Heap after GC invocations=36 (full 0):
 garbage-first heap   total 311296K, used 95744K [0x0000000780000000, 0x0000000800000000)
  region size 1024K, 14 young (14336K), 14 survivors (14336K)
 Metaspace       used 64087K, committed 64832K, reserved 1114112K
  class space    used 9154K, committed 9536K, reserved 1048576K
}
Event: 6.490 GC heap before
{Heap before GC invocations=36 (full 0):
 garbage-first heap   total 311296K, used 96768K [0x0000000780000000, 0x0000000800000000)
  region size 1024K, 15 young (15360K), 14 survivors (14336K)
 Metaspace       used 64088K, committed 64832K, reserved 1114112K
  class space    used 9154K, committed 9536K, reserved 1048576K
}
Event: 6.497 GC heap after
{Heap after GC invocations=37 (full 0):
 garbage-first heap   total 311296K, used 95511K [0x0000000780000000, 0x0000000800000000)
  region size 1024K, 2 young (2048K), 2 survivors (2048K)
 Metaspace       used 64088K, committed 64832K, reserved 1114112K
  class space    used 9154K, committed 9536K, reserved 1048576K
}
Event: 6.802 GC heap before
{Heap before GC invocations=37 (full 0):
 garbage-first heap   total 311296K, used 237847K [0x0000000780000000, 0x0000000800000000)
  region size 1024K, 142 young (145408K), 2 survivors (2048K)
 Metaspace       used 64900K, committed 65600K, reserved 1114112K
  class space    used 9257K, committed 9600K, reserved 1048576K
}
Event: 6.813 GC heap after
{Heap after GC invocations=38 (full 0):
 garbage-first heap   total 311296K, used 106992K [0x0000000780000000, 0x0000000800000000)
  region size 1024K, 14 young (14336K), 14 survivors (14336K)
 Metaspace       used 64900K, committed 65600K, reserved 1114112K
  class space    used 9257K, committed 9600K, reserved 1048576K
}
Event: 7.734 GC heap before
{Heap before GC invocations=38 (full 0):
 garbage-first heap   total 311296K, used 239088K [0x0000000780000000, 0x0000000800000000)
  region size 1024K, 144 young (147456K), 14 survivors (14336K)
 Metaspace       used 69032K, committed 69760K, reserved 1114112K
  class space    used 9878K, committed 10240K, reserved 1048576K
}
Event: 7.746 GC heap after
{Heap after GC invocations=39 (full 0):
 garbage-first heap   total 311296K, used 113789K [0x0000000780000000, 0x0000000800000000)
  region size 1024K, 12 young (12288K), 12 survivors (12288K)
 Metaspace       used 69032K, committed 69760K, reserved 1114112K
  class space    used 9878K, committed 10240K, reserved 1048576K
}
Event: 9.179 GC heap before
{Heap before GC invocations=39 (full 0):
 garbage-first heap   total 311296K, used 242813K [0x0000000780000000, 0x0000000800000000)
  region size 1024K, 139 young (142336K), 12 survivors (12288K)
 Metaspace       used 76543K, committed 77312K, reserved 1179648K
  class space    used 10883K, committed 11264K, reserved 1048576K
}
Event: 9.193 GC heap after
{Heap after GC invocations=40 (full 0):
 garbage-first heap   total 311296K, used 122180K [0x0000000780000000, 0x0000000800000000)
  region size 1024K, 13 young (13312K), 13 survivors (13312K)
 Metaspace       used 76543K, committed 77312K, reserved 1179648K
  class space    used 10883K, committed 11264K, reserved 1048576K
}
Event: 21.172 GC heap before
{Heap before GC invocations=40 (full 0):
 garbage-first heap   total 311296K, used 249156K [0x0000000780000000, 0x0000000800000000)
  region size 1024K, 133 young (136192K), 13 survivors (13312K)
 Metaspace       used 81354K, committed 82112K, reserved 1179648K
  class space    used 11398K, committed 11776K, reserved 1048576K
}
Event: 21.192 GC heap after
{Heap after GC invocations=41 (full 0):
 garbage-first heap   total 311296K, used 134539K [0x0000000780000000, 0x0000000800000000)
  region size 1024K, 16 young (16384K), 16 survivors (16384K)
 Metaspace       used 81354K, committed 82112K, reserved 1179648K
  class space    used 11398K, committed 11776K, reserved 1048576K
}
Event: 22.727 GC heap before
{Heap before GC invocations=41 (full 0):
 garbage-first heap   total 311296K, used 243083K [0x0000000780000000, 0x0000000800000000)
  region size 1024K, 123 young (125952K), 16 survivors (16384K)
 Metaspace       used 90640K, committed 91520K, reserved 1179648K
  class space    used 12784K, committed 13184K, reserved 1048576K
}
Event: 22.742 GC heap after
{Heap after GC invocations=42 (full 0):
 garbage-first heap   total 311296K, used 142708K [0x0000000780000000, 0x0000000800000000)
  region size 1024K, 9 young (9216K), 9 survivors (9216K)
 Metaspace       used 90640K, committed 91520K, reserved 1179648K
  class space    used 12784K, committed 13184K, reserved 1048576K
}
Event: 23.529 GC heap before
{Heap before GC invocations=42 (full 0):
 garbage-first heap   total 311296K, used 246132K [0x0000000780000000, 0x0000000800000000)
  region size 1024K, 111 young (113664K), 9 survivors (9216K)
 Metaspace       used 97382K, committed 98368K, reserved 1179648K
  class space    used 13968K, committed 14464K, reserved 1048576K
}
Event: 23.538 GC heap after
{Heap after GC invocations=43 (full 0):
 garbage-first heap   total 311296K, used 145888K [0x0000000780000000, 0x0000000800000000)
  region size 1024K, 4 young (4096K), 4 survivors (4096K)
 Metaspace       used 97382K, committed 98368K, reserved 1179648K
  class space    used 13968K, committed 14464K, reserved 1048576K
}
Event: 25.024 GC heap before
{Heap before GC invocations=43 (full 0):
 garbage-first heap   total 311296K, used 251360K [0x0000000780000000, 0x0000000800000000)
  region size 1024K, 108 young (110592K), 4 survivors (4096K)
 Metaspace       used 100815K, committed 101760K, reserved 1179648K
  class space    used 14500K, committed 14976K, reserved 1048576K
}
Event: 25.032 GC heap after
{Heap after GC invocations=44 (full 0):
 garbage-first heap   total 311296K, used 150532K [0x0000000780000000, 0x0000000800000000)
  region size 1024K, 9 young (9216K), 9 survivors (9216K)
 Metaspace       used 100815K, committed 101760K, reserved 1179648K
  class space    used 14500K, committed 14976K, reserved 1048576K
}
Event: 26.215 GC heap before
{Heap before GC invocations=44 (full 0):
 garbage-first heap   total 311296K, used 247812K [0x0000000780000000, 0x0000000800000000)
  region size 1024K, 71 young (72704K), 9 survivors (9216K)
 Metaspace       used 104054K, committed 105024K, reserved 1179648K
  class space    used 14959K, committed 15424K, reserved 1048576K
}
Event: 26.224 GC heap after
{Heap after GC invocations=45 (full 0):
 garbage-first heap   total 311296K, used 173323K [0x0000000780000000, 0x0000000800000000)
  region size 1024K, 9 young (9216K), 9 survivors (9216K)
 Metaspace       used 104054K, committed 105024K, reserved 1179648K
  class space    used 14959K, committed 15424K, reserved 1048576K
}
Event: 76.382 GC heap before
{Heap before GC invocations=45 (full 0):
 garbage-first heap   total 311296K, used 278795K [0x0000000780000000, 0x0000000800000000)
  region size 1024K, 90 young (92160K), 9 survivors (9216K)
 Metaspace       used 106382K, committed 107392K, reserved 1179648K
  class space    used 15274K, committed 15808K, reserved 1048576K
}

