# JRE version: OpenJDK Runtime Environment Corretto-21.0.1.12.1 (21.0.1+12) (build 21.0.1+12-LTS)
# Java VM: OpenJDK 64-Bit Server VM Corretto-21.0.1.12.1 (21.0.1+12-LTS, mixed mode, sharing, tiered, compressed oops, compressed class ptrs, g1 gc, bsd-amd64)
GC Precious Log:
 CardTable entry size: 512
 Card Set container configuration: InlinePtr #cards 5 size 8 Array Of Cards #cards 12 size 40 Howl #buckets 4 coarsen threshold 1843 Howl Bitmap #cards 512 size 80 coarsen threshold 460 Card regions per heap region 1 cards per card region 2048
 CPUs: 8 total, 8 available
 Memory: 16384M
 Large Page Support: Disabled
 NUMA Support: Disabled
 Compressed Oops: Enabled (Zero based)
 Heap Region Size: 1M
 Heap Min Capacity: 8M
 Heap Initial Capacity: 256M
 Heap Max Capacity: 2G
 Pre-touch: Disabled
 Parallel Workers: 8
 Concurrent Workers: 2
 Concurrent Refinement Workers: 8
 Periodic GC: Disabled
Heap:
 garbage-first heap   total 121856K, used 72393K [0x0000000780000000, 0x0000000800000000)
  region size 1024K, 4 young (4096K), 3 survivors (3072K)
 Metaspace       used 65649K, committed 67008K, reserved 1114112K
  class space    used 9613K, committed 10304K, reserved 1048576K
GC Heap History (20 events):
Event: 5.475 GC heap before
{Heap before GC invocations=14 (full 0):
 garbage-first heap   total 115712K, used 88442K [0x0000000780000000, 0x0000000800000000)
  region size 1024K, 28 young (28672K), 4 survivors (4096K)
 Metaspace       used 47303K, committed 48960K, reserved 1114112K
  class space    used 6784K, committed 7616K, reserved 1048576K
}
Event: 5.478 GC heap after
{Heap after GC invocations=15 (full 0):
 garbage-first heap   total 115712K, used 65946K [0x0000000780000000, 0x0000000800000000)
  region size 1024K, 2 young (2048K), 2 survivors (2048K)
 Metaspace       used 47303K, committed 48960K, reserved 1114112K
  class space    used 6784K, committed 7616K, reserved 1048576K
}
Event: 5.663 GC heap before
{Heap before GC invocations=16 (full 0):
 garbage-first heap   total 121856K, used 91546K [0x0000000780000000, 0x0000000800000000)
  region size 1024K, 28 young (28672K), 2 survivors (2048K)
 Metaspace       used 47303K, committed 48960K, reserved 1114112K
  class space    used 6784K, committed 7616K, reserved 1048576K
}
Event: 5.665 GC heap after
{Heap after GC invocations=17 (full 0):
 garbage-first heap   total 121856K, used 66620K [0x0000000780000000, 0x0000000800000000)
  region size 1024K, 3 young (3072K), 3 survivors (3072K)
 Metaspace       used 47303K, committed 48960K, reserved 1114112K
  class space    used 6784K, committed 7616K, reserved 1048576K
}
Event: 551.162 GC heap before
{Heap before GC invocations=17 (full 0):
 garbage-first heap   total 121856K, used 97340K [0x0000000780000000, 0x0000000800000000)
  region size 1024K, 33 young (33792K), 3 survivors (3072K)
 Metaspace       used 47837K, committed 49408K, reserved 1114112K
  class space    used 6810K, committed 7616K, reserved 1048576K
}
Event: 551.182 GC heap after
{Heap after GC invocations=18 (full 0):
 garbage-first heap   total 121856K, used 64844K [0x0000000780000000, 0x0000000800000000)
  region size 1024K, 1 young (1024K), 1 survivors (1024K)
 Metaspace       used 47837K, committed 49408K, reserved 1114112K
  class space    used 6810K, committed 7616K, reserved 1048576K
}
Event: 2281.163 GC heap before
{Heap before GC invocations=18 (full 0):
 garbage-first heap   total 121856K, used 98636K [0x0000000780000000, 0x0000000800000000)
  region size 1024K, 35 young (35840K), 1 survivors (1024K)
 Metaspace       used 48001K, committed 49600K, reserved 1114112K
  class space    used 6810K, committed 7616K, reserved 1048576K
}
Event: 2281.170 GC heap after
{Heap after GC invocations=19 (full 0):
 garbage-first heap   total 121856K, used 64825K [0x0000000780000000, 0x0000000800000000)
  region size 1024K, 1 young (1024K), 1 survivors (1024K)
 Metaspace       used 48001K, committed 49600K, reserved 1114112K
  class space    used 6810K, committed 7616K, reserved 1048576K
}
Event: 4131.159 GC heap before
{Heap before GC invocations=20 (full 0):
 garbage-first heap   total 121856K, used 100665K [0x0000000780000000, 0x0000000800000000)
  region size 1024K, 37 young (37888K), 1 survivors (1024K)
 Metaspace       used 46321K, committed 49728K, reserved 1114112K
  class space    used 6389K, committed 7616K, reserved 1048576K
}
Event: 4131.192 GC heap after
{Heap after GC invocations=21 (full 0):
 garbage-first heap   total 121856K, used 63808K [0x0000000780000000, 0x0000000800000000)
  region size 1024K, 1 young (1024K), 1 survivors (1024K)
 Metaspace       used 46321K, committed 49728K, reserved 1114112K
  class space    used 6389K, committed 7616K, reserved 1048576K
}
Event: 4795.045 GC heap before
{Heap before GC invocations=21 (full 0):
 garbage-first heap   total 121856K, used 103744K [0x0000000780000000, 0x0000000800000000)
  region size 1024K, 40 young (40960K), 1 survivors (1024K)
 Metaspace       used 48436K, committed 49920K, reserved 1114112K
  class space    used 6766K, committed 7680K, reserved 1048576K
}
Event: 4795.057 GC heap after
{Heap after GC invocations=22 (full 0):
 garbage-first heap   total 121856K, used 63786K [0x0000000780000000, 0x0000000800000000)
  region size 1024K, 4 young (4096K), 4 survivors (4096K)
 Metaspace       used 48436K, committed 49920K, reserved 1114112K
  class space    used 6766K, committed 7680K, reserved 1048576K
}
Event: 4795.411 GC heap before
{Heap before GC invocations=22 (full 0):
 garbage-first heap   total 121856K, used 88362K [0x0000000780000000, 0x0000000800000000)
  region size 1024K, 29 young (29696K), 4 survivors (4096K)
 Metaspace       used 51248K, committed 52480K, reserved 1114112K
  class space    used 7218K, committed 7808K, reserved 1048576K
}
Event: 4795.415 GC heap after
{Heap after GC invocations=23 (full 0):
 garbage-first heap   total 121856K, used 65328K [0x0000000780000000, 0x0000000800000000)
  region size 1024K, 5 young (5120K), 5 survivors (5120K)
 Metaspace       used 51248K, committed 52480K, reserved 1114112K
  class space    used 7218K, committed 7808K, reserved 1048576K
}
Event: 4796.117 GC heap before
{Heap before GC invocations=24 (full 0):
 garbage-first heap   total 121856K, used 107312K [0x0000000780000000, 0x0000000800000000)
  region size 1024K, 45 young (46080K), 5 survivors (5120K)
 Metaspace       used 57570K, committed 58944K, reserved 1114112K
  class space    used 8611K, committed 9280K, reserved 1048576K
}
Event: 4796.134 GC heap after
{Heap after GC invocations=25 (full 0):
 garbage-first heap   total 121856K, used 68152K [0x0000000780000000, 0x0000000800000000)
  region size 1024K, 5 young (5120K), 5 survivors (5120K)
 Metaspace       used 57570K, committed 58944K, reserved 1114112K
  class space    used 8611K, committed 9280K, reserved 1048576K
}
Event: 4796.668 GC heap before
{Heap before GC invocations=25 (full 0):
 garbage-first heap   total 121856K, used 108088K [0x0000000780000000, 0x0000000800000000)
  region size 1024K, 44 young (45056K), 5 survivors (5120K)
 Metaspace       used 62479K, committed 63872K, reserved 1114112K
  class space    used 9250K, committed 9920K, reserved 1048576K
}
Event: 4796.673 GC heap after
{Heap after GC invocations=26 (full 0):
 garbage-first heap   total 121856K, used 67658K [0x0000000780000000, 0x0000000800000000)
  region size 1024K, 5 young (5120K), 5 survivors (5120K)
 Metaspace       used 62479K, committed 63872K, reserved 1114112K
  class space    used 9250K, committed 9920K, reserved 1048576K
}
Event: 4796.929 GC heap before
{Heap before GC invocations=26 (full 0):
 garbage-first heap   total 121856K, used 89162K [0x0000000780000000, 0x0000000800000000)
  region size 1024K, 27 young (27648K), 5 survivors (5120K)
 Metaspace       used 65649K, committed 67008K, reserved 1114112K
  class space    used 9613K, committed 10304K, reserved 1048576K
}
Event: 4796.934 GC heap after
{Heap after GC invocations=27 (full 0):
 garbage-first heap   total 121856K, used 68297K [0x0000000780000000, 0x0000000800000000)
  region size 1024K, 3 young (3072K), 3 survivors (3072K)
 Metaspace       used 65649K, committed 67008K, reserved 1114112K
  class space    used 9613K, committed 10304K, reserved 1048576K
}

